<?xml version="1.0" encoding="UTF-8"?>
<!-- Generated by org.testng.reporters.JUnitXMLReporter -->
<testsuite ignored="0" hostname="Zubaid1517" failures="0" tests="4" name="Test" time="91.464" errors="0" timestamp="21 Mar 2024 14:06:53 GMT">
  <testcase classname="testPackage.InvalidLoginTestCase" name="invalidLogin_TC" time="39.544"/>
  <testcase classname="testPackage.ValidLoginTestCase" name="validLogin_TC" time="6.726"/>
  <testcase classname="testPackage.CreateUserManager" name="createUserManager_TC" time="17.656"/>
  <testcase classname="testPackage.CreateNewCustomerAndProject" name="createNewCustomerAndProject_TC" time="18.88"/>
</testsuite> <!-- Test -->
