<?xml version="1.0" encoding="UTF-8"?>
<testng-results ignored="0" total="4" passed="4" failed="0" skipped="0">
  <reporter-output>
  </reporter-output>
  <suite started-at="2024-03-21T14:05:22Z" name="Suite" finished-at="2024-03-21T14:06:53Z" duration-ms="91464">
    <groups>
    </groups>
    <test started-at="2024-03-21T14:05:22Z" name="Test" finished-at="2024-03-21T14:06:53Z" duration-ms="91464">
      <class name="testPackage.ValidLoginTestCase">
        <test-method is-config="true" signature="setUp()[pri:0, instance:testPackage.ValidLoginTestCase@d41f816]" started-at="2024-03-21T14:06:04Z" name="setUp" finished-at="2024-03-21T14:06:06Z" duration-ms="1672" status="PASS">
          <reporter-output>
          </reporter-output>
        </test-method> <!-- setUp -->
        <test-method signature="validLogin_TC()[pri:0, instance:testPackage.ValidLoginTestCase@d41f816]" started-at="2024-03-21T14:06:06Z" name="validLogin_TC" finished-at="2024-03-21T14:06:12Z" duration-ms="6726" status="PASS">
          <reporter-output>
          </reporter-output>
        </test-method> <!-- validLogin_TC -->
        <test-method is-config="true" signature="tearDown()[pri:0, instance:testPackage.ValidLoginTestCase@d41f816]" started-at="2024-03-21T14:06:12Z" name="tearDown" finished-at="2024-03-21T14:06:13Z" duration-ms="373" status="PASS">
          <reporter-output>
          </reporter-output>
        </test-method> <!-- tearDown -->
      </class> <!-- testPackage.ValidLoginTestCase -->
      <class name="testPackage.CreateNewCustomerAndProject">
        <test-method is-config="true" signature="setUp()[pri:0, instance:testPackage.CreateNewCustomerAndProject@60129b9a]" started-at="2024-03-21T14:06:32Z" name="setUp" finished-at="2024-03-21T14:06:34Z" duration-ms="1563" status="PASS">
          <reporter-output>
          </reporter-output>
        </test-method> <!-- setUp -->
        <test-method signature="createNewCustomerAndProject_TC()[pri:0, instance:testPackage.CreateNewCustomerAndProject@60129b9a]" started-at="2024-03-21T14:06:34Z" name="createNewCustomerAndProject_TC" finished-at="2024-03-21T14:06:53Z" duration-ms="18880" status="PASS">
          <reporter-output>
          </reporter-output>
        </test-method> <!-- createNewCustomerAndProject_TC -->
        <test-method is-config="true" signature="tearDown()[pri:0, instance:testPackage.CreateNewCustomerAndProject@60129b9a]" started-at="2024-03-21T14:06:53Z" name="tearDown" finished-at="2024-03-21T14:06:53Z" duration-ms="325" status="PASS">
          <reporter-output>
          </reporter-output>
        </test-method> <!-- tearDown -->
      </class> <!-- testPackage.CreateNewCustomerAndProject -->
      <class name="testPackage.InvalidLoginTestCase">
        <test-method is-config="true" signature="setUp()[pri:0, instance:testPackage.InvalidLoginTestCase@7c8c9a05]" started-at="2024-03-21T14:05:22Z" name="setUp" finished-at="2024-03-21T14:05:24Z" duration-ms="2347" status="PASS">
          <reporter-output>
          </reporter-output>
        </test-method> <!-- setUp -->
        <test-method signature="invalidLogin_TC()[pri:0, instance:testPackage.InvalidLoginTestCase@7c8c9a05]" started-at="2024-03-21T14:05:24Z" name="invalidLogin_TC" finished-at="2024-03-21T14:06:04Z" duration-ms="39544" status="PASS">
          <reporter-output>
          </reporter-output>
        </test-method> <!-- invalidLogin_TC -->
        <test-method is-config="true" signature="tearDown()[pri:0, instance:testPackage.InvalidLoginTestCase@7c8c9a05]" started-at="2024-03-21T14:06:04Z" name="tearDown" finished-at="2024-03-21T14:06:04Z" duration-ms="407" status="PASS">
          <reporter-output>
          </reporter-output>
        </test-method> <!-- tearDown -->
      </class> <!-- testPackage.InvalidLoginTestCase -->
      <class name="testPackage.CreateUserManager">
        <test-method is-config="true" signature="setUp()[pri:0, instance:testPackage.CreateUserManager@5c2375a9]" started-at="2024-03-21T14:06:13Z" name="setUp" finished-at="2024-03-21T14:06:14Z" duration-ms="1573" status="PASS">
          <reporter-output>
          </reporter-output>
        </test-method> <!-- setUp -->
        <test-method signature="createUserManager_TC()[pri:0, instance:testPackage.CreateUserManager@5c2375a9]" started-at="2024-03-21T14:06:14Z" name="createUserManager_TC" finished-at="2024-03-21T14:06:32Z" duration-ms="17656" status="PASS">
          <reporter-output>
          </reporter-output>
        </test-method> <!-- createUserManager_TC -->
        <test-method is-config="true" signature="tearDown()[pri:0, instance:testPackage.CreateUserManager@5c2375a9]" started-at="2024-03-21T14:06:32Z" name="tearDown" finished-at="2024-03-21T14:06:32Z" duration-ms="357" status="PASS">
          <reporter-output>
          </reporter-output>
        </test-method> <!-- tearDown -->
      </class> <!-- testPackage.CreateUserManager -->
    </test> <!-- Test -->
  </suite> <!-- Suite -->
</testng-results>
