<?xml version="1.0" encoding="UTF-8"?>
<!-- Generated by org.testng.reporters.JUnitXMLReporter -->
<testsuite ignored="1" hostname="Zubaid1517" failures="0" tests="2" name="Test" time="22.128" errors="0" timestamp="15 Mar 2024 13:21:59 GMT">
  <testcase classname="testNGExecution.Demo" name="demo" time="12.238"/>
  <testcase classname="testNGExecution.Sumo" name="sumo" time="9.859"/>
  <testcase classname="testNGExecution.Remo" name="remo" time="0.0">
    <ignored/>
  </testcase> <!-- remo -->
</testsuite> <!-- Test -->
