<?xml version="1.0" encoding="UTF-8"?>
<testng-results ignored="0" total="3" passed="3" failed="0" skipped="0">
  <reporter-output>
    <line>
      <![CDATA[This is a login method]]>
    </line>
    <line>
      <![CDATA[This is a addToCart method]]>
    </line>
    <line>
      <![CDATA[This is a logout method]]>
    </line>
  </reporter-output>
  <suite started-at="2024-03-12T14:10:22Z" name="Default suite" finished-at="2024-03-12T14:10:22Z" duration-ms="55">
    <groups>
    </groups>
    <test started-at="2024-03-12T14:10:22Z" name="Default test" finished-at="2024-03-12T14:10:22Z" duration-ms="55">
      <class name="LearnTestNG.DependsOnMethod">
        <test-method signature="login()[pri:0, instance:LearnTestNG.DependsOnMethod@c7ba306]" started-at="2024-03-12T14:10:22Z" name="login" finished-at="2024-03-12T14:10:22Z" duration-ms="13" status="PASS">
          <reporter-output>
            <line>
              <![CDATA[This is a login method]]>
            </line>
          </reporter-output>
        </test-method> <!-- login -->
        <test-method signature="addToCart()[pri:0, instance:LearnTestNG.DependsOnMethod@c7ba306]" started-at="2024-03-12T14:10:22Z" name="addToCart" finished-at="2024-03-12T14:10:22Z" depends-on-methods="LearnTestNG.DependsOnMethod.login" duration-ms="3" status="PASS">
          <reporter-output>
            <line>
              <![CDATA[This is a addToCart method]]>
            </line>
          </reporter-output>
        </test-method> <!-- addToCart -->
        <test-method signature="logout()[pri:0, instance:LearnTestNG.DependsOnMethod@c7ba306]" started-at="2024-03-12T14:10:22Z" name="logout" finished-at="2024-03-12T14:10:22Z" depends-on-methods="LearnTestNG.DependsOnMethod.addToCart" duration-ms="2" status="PASS">
          <reporter-output>
            <line>
              <![CDATA[This is a logout method]]>
            </line>
          </reporter-output>
        </test-method> <!-- logout -->
      </class> <!-- LearnTestNG.DependsOnMethod -->
    </test> <!-- Default test -->
  </suite> <!-- Default suite -->
</testng-results>
