<?xml version="1.0" encoding="UTF-8"?>
<!-- Generated by org.testng.reporters.JUnitXMLReporter -->
<testsuite ignored="0" hostname="Zubaid1517" failures="0" tests="3" name="Default test" time="0.055" errors="0" timestamp="12 Mar 2024 14:10:22 GMT">
  <testcase classname="LearnTestNG.DependsOnMethod" name="login" time="0.013"/>
  <testcase classname="LearnTestNG.DependsOnMethod" name="addToCart" time="0.003"/>
  <testcase classname="LearnTestNG.DependsOnMethod" name="logout" time="0.002"/>
</testsuite> <!-- Default test -->
