<?xml version="1.0" encoding="UTF-8"?>
<!-- Generated by org.testng.reporters.JUnitXMLReporter -->
<testsuite ignored="0" hostname="Zubaid1517" failures="0" tests="6" name="Default test" time="40.933" errors="0" timestamp="15 Mar 2024 14:51:03 GMT">
  <testcase classname="testNGExecution.DataProviderByExcel" name="loginMethod" time="7.921"/>
  <testcase classname="testNGExecution.DataProviderByExcel" name="loginMethod" time="6.436"/>
  <testcase classname="testNGExecution.DataProviderByExcel" name="loginMethod" time="6.39"/>
  <testcase classname="testNGExecution.DataProviderByExcel" name="loginMethod" time="6.405"/>
  <testcase classname="testNGExecution.DataProviderByExcel" name="loginMethod" time="6.536"/>
  <testcase classname="testNGExecution.DataProviderByExcel" name="loginMethod" time="6.266"/>
</testsuite> <!-- Default test -->
